<?xml version="1.0" encoding="UTF-8"?>
<testng-results skipped="0" failed="0" ignored="0" total="1" passed="1">
  <reporter-output>
  </reporter-output>
  <suite name="Default suite" duration-ms="9691" started-at="2020-12-13T13:45:48 IST" finished-at="2020-12-13T13:45:58 IST">
    <groups>
    </groups>
    <test name="Default test" duration-ms="9691" started-at="2020-12-13T13:45:48 IST" finished-at="2020-12-13T13:45:58 IST">
      <class name="seleniumQues.DropDownQues">
        <test-method status="PASS" signature="getDropDropValues()[pri:0, instance:seleniumQues.DropDownQues@6895a785]" name="getDropDropValues" duration-ms="9638" started-at="2020-12-13T13:45:48 IST" finished-at="2020-12-13T13:45:58 IST">
          <reporter-output>
          </reporter-output>
        </test-method> <!-- getDropDropValues -->
      </class> <!-- seleniumQues.DropDownQues -->
    </test> <!-- Default test -->
  </suite> <!-- Default suite -->
</testng-results>
